[13-May-2024 07:00:46 UTC] WordPress database error Table 'local.wp_woocommerce_sessions' doesn't exist for query SELECT session_value FROM wp_woocommerce_sessions WHERE session_key = '1' made by require_once('wp-load.php'), require_once('wp-config.php'), require_once('wp-settings.php'), do_action('init'), WP_Hook->do_action, WP_Hook->apply_filters, WooCommerce->init, wc_load_cart, WooCommerce->initialize_session, WC_Session_Handler->init, WC_Session_Handler->init_session_cookie, WC_Session_Handler->get_session_data, WC_Session_Handler->get_session
[13-May-2024 07:00:47 UTC] WordPress database error Table 'local.wp_wc_webhooks' doesn't exist for query SELECT webhook_id
				FROM wp_wc_webhooks
				WHERE 1=1
				AND `status` = 'active'
				
				
				
				
				
				
				ORDER BY webhook_id DESC made by require_once('wp-load.php'), require_once('wp-config.php'), require_once('wp-settings.php'), do_action('init'), WP_Hook->do_action, WP_Hook->apply_filters, WooCommerce->init, WooCommerce->load_webhooks, wc_load_webhooks, WC_Data_Store->__call, WC_Webhook_Data_Store->get_webhooks_ids, WC_Webhook_Data_Store->search_webhooks
[13-May-2024 07:00:47 UTC] WordPress database error Table 'local.wp_woocommerce_attribute_taxonomies' doesn't exist for query SELECT * FROM wp_woocommerce_attribute_taxonomies WHERE attribute_name != '' ORDER BY attribute_name ASC; made by require_once('wp-load.php'), require_once('wp-config.php'), require_once('wp-settings.php'), do_action('init'), WP_Hook->do_action, WP_Hook->apply_filters, WC_Post_Types::register_taxonomies, wc_get_attribute_taxonomies
[13-May-2024 13:53:20 UTC] The wc_get_log_file_path function is deprecated since version 8.6.0.
[13-May-2024 13:53:20 UTC] The wc_get_log_file_path function is deprecated since version 8.6.0.
[13-May-2024 13:53:20 UTC] The wc_get_log_file_path function is deprecated since version 8.6.0.
[13-May-2024 13:53:20 UTC] The wc_get_log_file_path function is deprecated since version 8.6.0.
[13-May-2024 13:53:20 UTC] The wc_get_log_file_path function is deprecated since version 8.6.0.
[13-May-2024 13:53:20 UTC] The wc_get_log_file_path function is deprecated since version 8.6.0.
[13-May-2024 13:53:21 UTC] The wc_get_log_file_path function is deprecated since version 8.6.0.
[13-May-2024 13:53:24 UTC] The wc_get_log_file_path function is deprecated since version 8.6.0.
[13-May-2024 13:53:24 UTC] The wc_get_log_file_path function is deprecated since version 8.6.0.
[13-May-2024 13:53:24 UTC] The wc_get_log_file_path function is deprecated since version 8.6.0.
[13-May-2024 13:53:25 UTC] The wc_get_log_file_path function is deprecated since version 8.6.0.
[13-May-2024 13:53:25 UTC] The wc_get_log_file_path function is deprecated since version 8.6.0.
[13-May-2024 13:53:25 UTC] The wc_get_log_file_path function is deprecated since version 8.6.0.
[13-May-2024 13:53:25 UTC] The wc_get_log_file_path function is deprecated since version 8.6.0.
[13-May-2024 13:53:25 UTC] The wc_get_log_file_path function is deprecated since version 8.6.0.
[13-May-2024 13:53:25 UTC] The wc_get_log_file_path function is deprecated since version 8.6.0.
[13-May-2024 13:53:25 UTC] The wc_get_log_file_path function is deprecated since version 8.6.0.
[13-May-2024 13:53:32 UTC] The wc_get_log_file_path function is deprecated since version 8.6.0.
[13-May-2024 13:53:41 UTC] The wc_get_log_file_path function is deprecated since version 8.6.0.
[13-May-2024 13:53:49 UTC] The wc_get_log_file_path function is deprecated since version 8.6.0.
[13-May-2024 13:54:25 UTC] The wc_get_log_file_path function is deprecated since version 8.6.0.
[13-May-2024 13:54:30 UTC] The wc_get_log_file_path function is deprecated since version 8.6.0.
[13-May-2024 13:54:49 UTC] The wc_get_log_file_path function is deprecated since version 8.6.0.
[13-May-2024 13:54:50 UTC] The wc_get_log_file_path function is deprecated since version 8.6.0.
[13-May-2024 13:54:50 UTC] The wc_get_log_file_path function is deprecated since version 8.6.0.
[13-May-2024 13:54:50 UTC] The wc_get_log_file_path function is deprecated since version 8.6.0.
[13-May-2024 13:54:50 UTC] The wc_get_log_file_path function is deprecated since version 8.6.0.
[13-May-2024 13:54:50 UTC] The wc_get_log_file_path function is deprecated since version 8.6.0.
[13-May-2024 13:54:50 UTC] The wc_get_log_file_path function is deprecated since version 8.6.0.
[13-May-2024 13:56:01 UTC] The wc_get_log_file_path function is deprecated since version 8.6.0.
[13-May-2024 13:56:01 UTC] The wc_get_log_file_path function is deprecated since version 8.6.0.
[13-May-2024 13:56:01 UTC] The wc_get_log_file_path function is deprecated since version 8.6.0.
[13-May-2024 13:56:04 UTC] The wc_get_log_file_path function is deprecated since version 8.6.0.
[13-May-2024 13:56:04 UTC] The wc_get_log_file_path function is deprecated since version 8.6.0.
[13-May-2024 13:56:05 UTC] The wc_get_log_file_path function is deprecated since version 8.6.0.
[13-May-2024 13:56:05 UTC] The wc_get_log_file_path function is deprecated since version 8.6.0.
[13-May-2024 13:59:09 UTC] The wc_get_log_file_path function is deprecated since version 8.6.0.
[13-May-2024 13:59:18 UTC] The wc_get_log_file_path function is deprecated since version 8.6.0.
[13-May-2024 13:59:25 UTC] The wc_get_log_file_path function is deprecated since version 8.6.0.
[13-May-2024 14:02:32 UTC] The wc_get_log_file_path function is deprecated since version 8.6.0.
[13-May-2024 14:02:32 UTC] The wc_get_log_file_path function is deprecated since version 8.6.0.
[13-May-2024 14:02:32 UTC] The wc_get_log_file_path function is deprecated since version 8.6.0.
[13-May-2024 14:02:32 UTC] The wc_get_log_file_path function is deprecated since version 8.6.0.
[13-May-2024 14:02:33 UTC] The wc_get_log_file_path function is deprecated since version 8.6.0.
[13-May-2024 14:02:33 UTC] The wc_get_log_file_path function is deprecated since version 8.6.0.
[13-May-2024 14:02:33 UTC] The wc_get_log_file_path function is deprecated since version 8.6.0.
[13-May-2024 14:02:47 UTC] The wc_get_log_file_path function is deprecated since version 8.6.0.
[13-May-2024 14:02:56 UTC] The wc_get_log_file_path function is deprecated since version 8.6.0.
[13-May-2024 14:02:59 UTC] The wc_get_log_file_path function is deprecated since version 8.6.0.
[13-May-2024 14:05:53 UTC] The wc_get_log_file_path function is deprecated since version 8.6.0.
[13-May-2024 14:05:53 UTC] The wc_get_log_file_path function is deprecated since version 8.6.0.
[13-May-2024 14:05:54 UTC] The wc_get_log_file_path function is deprecated since version 8.6.0.
[13-May-2024 14:05:54 UTC] The wc_get_log_file_path function is deprecated since version 8.6.0.
[13-May-2024 14:05:54 UTC] The wc_get_log_file_path function is deprecated since version 8.6.0.
[13-May-2024 14:05:54 UTC] The wc_get_log_file_path function is deprecated since version 8.6.0.
[13-May-2024 14:05:54 UTC] The wc_get_log_file_path function is deprecated since version 8.6.0.
[13-May-2024 14:10:35 UTC] The wc_get_log_file_path function is deprecated since version 8.6.0.
[13-May-2024 14:10:36 UTC] The wc_get_log_file_path function is deprecated since version 8.6.0.
[13-May-2024 14:10:36 UTC] The wc_get_log_file_path function is deprecated since version 8.6.0.
[13-May-2024 14:10:38 UTC] The wc_get_log_file_path function is deprecated since version 8.6.0.
[13-May-2024 14:10:38 UTC] The wc_get_log_file_path function is deprecated since version 8.6.0.
[13-May-2024 14:10:38 UTC] The wc_get_log_file_path function is deprecated since version 8.6.0.
[13-May-2024 14:10:38 UTC] The wc_get_log_file_path function is deprecated since version 8.6.0.
[13-May-2024 14:15:23 UTC] The wc_get_log_file_path function is deprecated since version 8.6.0.
[13-May-2024 14:15:25 UTC] The wc_get_log_file_path function is deprecated since version 8.6.0.
[13-May-2024 14:15:29 UTC] The wc_get_log_file_path function is deprecated since version 8.6.0.
[13-May-2024 14:15:33 UTC] The wc_get_log_file_path function is deprecated since version 8.6.0.
